<?xml version="1.0" encoding="UTF-8"?>
<!-- Generated by org.testng.reporters.JUnitXMLReporter -->
<testsuite ignored="4" hostname="LTIN146446" failures="0" tests="13" name="Test" time="81.322" errors="0" timestamp="2024-03-09T11:35:25 IST">
  <testcase classname="testCase.TC_001_WebDevelopment" name="searchWD" time="6.879"/>
  <testcase classname="testCase.TC_001_WebDevelopment" name="WebDevelopmentFunctions" time="0.543"/>
  <testcase classname="testCase.TC_001_WebDevelopment" name="WDFirstCousreInfo" time="6.427"/>
  <testcase classname="testCase.TC_001_WebDevelopment" name="WDSecondCousreInfo" time="5.418"/>
  <testcase classname="testCase.TC_002_LanguageLearning" name="SearchLL" time="10.546"/>
  <testcase classname="testCase.TC_002_LanguageLearning" name="LanguageDetails" time="3.385"/>
  <testcase classname="testCase.TC_003_Enterprise" name="clickEnterprises" time="6.349"/>
  <testcase classname="testCase.TC_003_Enterprise" name="clickOffer" time="4.344"/>
  <testcase classname="testCase.TC_003_Enterprise" name="clickCourse" time="4.257"/>
  <testcase classname="testCase.TC_003_Enterprise" name="fillForm" time="0.39"/>
  <testcase classname="testCase.TC_003_Enterprise" name="fillForm1" time="0.926"/>
  <testcase classname="testCase.TC_003_Enterprise" name="fillForm2" time="1.951"/>
  <testcase classname="testCase.TC_003_Enterprise" name="fillForm3" time="0.311"/>
  <testcase classname="testBase.BaseClass" name="@BeforeTest setup" time="0.0">
    <ignored/>
  </testcase> <!-- @BeforeTest setup -->
  <testcase classname="testBase.BaseClass" name="@AfterTest teardown" time="0.0">
    <ignored/>
  </testcase> <!-- @AfterTest teardown -->
  <testcase classname="testBase.BaseClass" name="@AfterTest teardown" time="0.0">
    <ignored/>
  </testcase> <!-- @AfterTest teardown -->
  <testcase classname="testBase.BaseClass" name="@BeforeTest setup" time="0.0">
    <ignored/>
  </testcase> <!-- @BeforeTest setup -->
</testsuite> <!-- Test -->
