<?xml version="1.0" encoding="UTF-8"?>
<!-- Generated by org.testng.reporters.JUnitXMLReporter -->
<testsuite ignored="4" hostname="LTIN146446" failures="0" tests="13" name="Test" time="63.816" errors="0" timestamp="2024-03-09T15:54:35 IST">
  <testcase classname="testCase.TC_001_WebDevelopment" name="searchWD" time="5.173"/>
  <testcase classname="testCase.TC_001_WebDevelopment" name="WebDevelopmentFunctions" time="0.374"/>
  <testcase classname="testCase.TC_001_WebDevelopment" name="WDFirstCousreInfo" time="6.705"/>
  <testcase classname="testCase.TC_001_WebDevelopment" name="WDSecondCousreInfo" time="4.561"/>
  <testcase classname="testCase.TC_002_LanguageLearning" name="SearchLL" time="9.184"/>
  <testcase classname="testCase.TC_002_LanguageLearning" name="LanguageDetails" time="2.38"/>
  <testcase classname="testCase.TC_003_Enterprise" name="clickEnterprises" time="5.96"/>
  <testcase classname="testCase.TC_003_Enterprise" name="clickOffer" time="3.615"/>
  <testcase classname="testCase.TC_003_Enterprise" name="clickCourse" time="3.733"/>
  <testcase classname="testCase.TC_003_Enterprise" name="fillForm" time="0.264"/>
  <testcase classname="testCase.TC_003_Enterprise" name="fillForm1" time="0.549"/>
  <testcase classname="testCase.TC_003_Enterprise" name="fillForm2" time="1.114"/>
  <testcase classname="testCase.TC_003_Enterprise" name="fillForm3" time="0.266"/>
  <testcase classname="testBase.BaseClass" name="@AfterTest teardown" time="0.0">
    <ignored/>
  </testcase> <!-- @AfterTest teardown -->
  <testcase classname="testBase.BaseClass" name="@BeforeTest setup" time="0.0">
    <ignored/>
  </testcase> <!-- @BeforeTest setup -->
  <testcase classname="testBase.BaseClass" name="@AfterTest teardown" time="0.0">
    <ignored/>
  </testcase> <!-- @AfterTest teardown -->
  <testcase classname="testBase.BaseClass" name="@BeforeTest setup" time="0.0">
    <ignored/>
  </testcase> <!-- @BeforeTest setup -->
</testsuite> <!-- Test -->
