<?xml version="1.0" encoding="UTF-8"?>
<testng-results ignored="0" total="13" passed="13" failed="0" skipped="0">
  <reporter-output>
  </reporter-output>
  <suite started-at="2024-03-09T15:53:30 IST" name="Suite" finished-at="2024-03-09T15:54:34 IST" duration-ms="63816">
    <groups>
    </groups>
    <test started-at="2024-03-09T15:53:30 IST" name="Test" finished-at="2024-03-09T15:54:34 IST" duration-ms="63816">
      <class name="testCase.TC_003_Enterprise">
        <test-method signature="clickEnterprises()[pri:1, instance:testCase.TC_003_Enterprise@510f3d34]" started-at="2024-03-09T15:54:16 IST" name="clickEnterprises" finished-at="2024-03-09T15:54:22 IST" duration-ms="5960" status="PASS">
          <reporter-output>
          </reporter-output>
        </test-method> <!-- clickEnterprises -->
        <test-method signature="clickOffer()[pri:2, instance:testCase.TC_003_Enterprise@510f3d34]" started-at="2024-03-09T15:54:22 IST" name="clickOffer" finished-at="2024-03-09T15:54:26 IST" duration-ms="3615" status="PASS">
          <reporter-output>
          </reporter-output>
        </test-method> <!-- clickOffer -->
        <test-method signature="clickCourse()[pri:3, instance:testCase.TC_003_Enterprise@510f3d34]" started-at="2024-03-09T15:54:26 IST" name="clickCourse" finished-at="2024-03-09T15:54:30 IST" duration-ms="3733" status="PASS">
          <reporter-output>
          </reporter-output>
        </test-method> <!-- clickCourse -->
        <test-method signature="fillForm()[pri:3, instance:testCase.TC_003_Enterprise@510f3d34]" started-at="2024-03-09T15:54:30 IST" name="fillForm" finished-at="2024-03-09T15:54:30 IST" duration-ms="264" status="PASS">
          <reporter-output>
          </reporter-output>
        </test-method> <!-- fillForm -->
        <test-method signature="fillForm1()[pri:4, instance:testCase.TC_003_Enterprise@510f3d34]" started-at="2024-03-09T15:54:31 IST" name="fillForm1" finished-at="2024-03-09T15:54:31 IST" duration-ms="549" status="PASS">
          <reporter-output>
          </reporter-output>
        </test-method> <!-- fillForm1 -->
        <test-method signature="fillForm2()[pri:5, instance:testCase.TC_003_Enterprise@510f3d34]" started-at="2024-03-09T15:54:31 IST" name="fillForm2" finished-at="2024-03-09T15:54:32 IST" duration-ms="1114" status="PASS">
          <reporter-output>
          </reporter-output>
        </test-method> <!-- fillForm2 -->
        <test-method signature="fillForm3()[pri:6, instance:testCase.TC_003_Enterprise@510f3d34]" started-at="2024-03-09T15:54:33 IST" name="fillForm3" finished-at="2024-03-09T15:54:33 IST" duration-ms="266" status="PASS">
          <reporter-output>
          </reporter-output>
        </test-method> <!-- fillForm3 -->
      </class> <!-- testCase.TC_003_Enterprise -->
      <class name="testCase.TC_002_LanguageLearning">
        <test-method signature="SearchLL()[pri:1, instance:testCase.TC_002_LanguageLearning@2f9f7dcf]" started-at="2024-03-09T15:54:04 IST" name="SearchLL" finished-at="2024-03-09T15:54:14 IST" duration-ms="9184" status="PASS">
          <reporter-output>
          </reporter-output>
        </test-method> <!-- SearchLL -->
        <test-method signature="LanguageDetails()[pri:2, instance:testCase.TC_002_LanguageLearning@2f9f7dcf]" started-at="2024-03-09T15:54:14 IST" name="LanguageDetails" finished-at="2024-03-09T15:54:16 IST" duration-ms="2380" status="PASS">
          <reporter-output>
          </reporter-output>
        </test-method> <!-- LanguageDetails -->
      </class> <!-- testCase.TC_002_LanguageLearning -->
      <class name="testCase.TC_001_WebDevelopment">
        <test-method is-config="true" signature="setup(java.lang.String,java.lang.String)[pri:0, instance:testCase.TC_001_WebDevelopment@6069db50]" started-at="2024-03-09T15:53:31 IST" name="setup" finished-at="2024-03-09T15:53:47 IST" duration-ms="16127" status="PASS">
          <params>
            <param index="0">
              <value>
                <![CDATA[windows]]>
              </value>
            </param>
            <param index="1">
              <value>
                <![CDATA[chrome]]>
              </value>
            </param>
          </params>
          <reporter-output>
          </reporter-output>
        </test-method> <!-- setup -->
        <test-method signature="searchWD()[pri:1, instance:testCase.TC_001_WebDevelopment@6069db50]" started-at="2024-03-09T15:53:47 IST" name="searchWD" finished-at="2024-03-09T15:53:52 IST" duration-ms="5173" status="PASS">
          <reporter-output>
          </reporter-output>
        </test-method> <!-- searchWD -->
        <test-method signature="WebDevelopmentFunctions()[pri:2, instance:testCase.TC_001_WebDevelopment@6069db50]" started-at="2024-03-09T15:53:52 IST" name="WebDevelopmentFunctions" finished-at="2024-03-09T15:53:52 IST" duration-ms="374" status="PASS">
          <reporter-output>
          </reporter-output>
        </test-method> <!-- WebDevelopmentFunctions -->
        <test-method signature="WDFirstCousreInfo()[pri:3, instance:testCase.TC_001_WebDevelopment@6069db50]" started-at="2024-03-09T15:53:53 IST" name="WDFirstCousreInfo" finished-at="2024-03-09T15:53:59 IST" duration-ms="6705" status="PASS">
          <reporter-output>
          </reporter-output>
        </test-method> <!-- WDFirstCousreInfo -->
        <test-method signature="WDSecondCousreInfo()[pri:4, instance:testCase.TC_001_WebDevelopment@6069db50]" started-at="2024-03-09T15:54:00 IST" name="WDSecondCousreInfo" finished-at="2024-03-09T15:54:04 IST" duration-ms="4561" status="PASS">
          <reporter-output>
          </reporter-output>
        </test-method> <!-- WDSecondCousreInfo -->
        <test-method is-config="true" signature="teardown()[pri:0, instance:testCase.TC_001_WebDevelopment@6069db50]" started-at="2024-03-09T15:54:33 IST" name="teardown" finished-at="2024-03-09T15:54:34 IST" duration-ms="1197" status="PASS">
          <reporter-output>
          </reporter-output>
        </test-method> <!-- teardown -->
      </class> <!-- testCase.TC_001_WebDevelopment -->
    </test> <!-- Test -->
  </suite> <!-- Suite -->
</testng-results>
