<?xml version="1.0" encoding="UTF-8"?>
<testng-results ignored="0" total="13" passed="13" failed="0" skipped="0">
  <reporter-output>
  </reporter-output>
  <suite started-at="2024-03-09T11:34:02 IST" name="Suite" finished-at="2024-03-09T11:35:23 IST" duration-ms="81322">
    <groups>
    </groups>
    <test started-at="2024-03-09T11:34:02 IST" name="Test" finished-at="2024-03-09T11:35:23 IST" duration-ms="81322">
      <class name="testCase.TC_003_Enterprise">
        <test-method signature="clickEnterprises()[pri:1, instance:testCase.TC_003_Enterprise@24c1b2d2]" started-at="2024-03-09T11:35:02 IST" name="clickEnterprises" finished-at="2024-03-09T11:35:08 IST" duration-ms="6349" status="PASS">
          <reporter-output>
          </reporter-output>
        </test-method> <!-- clickEnterprises -->
        <test-method signature="clickOffer()[pri:2, instance:testCase.TC_003_Enterprise@24c1b2d2]" started-at="2024-03-09T11:35:09 IST" name="clickOffer" finished-at="2024-03-09T11:35:13 IST" duration-ms="4344" status="PASS">
          <reporter-output>
          </reporter-output>
        </test-method> <!-- clickOffer -->
        <test-method signature="clickCourse()[pri:3, instance:testCase.TC_003_Enterprise@24c1b2d2]" started-at="2024-03-09T11:35:13 IST" name="clickCourse" finished-at="2024-03-09T11:35:17 IST" duration-ms="4257" status="PASS">
          <reporter-output>
          </reporter-output>
        </test-method> <!-- clickCourse -->
        <test-method signature="fillForm()[pri:3, instance:testCase.TC_003_Enterprise@24c1b2d2]" started-at="2024-03-09T11:35:18 IST" name="fillForm" finished-at="2024-03-09T11:35:18 IST" duration-ms="390" status="PASS">
          <reporter-output>
          </reporter-output>
        </test-method> <!-- fillForm -->
        <test-method signature="fillForm1()[pri:4, instance:testCase.TC_003_Enterprise@24c1b2d2]" started-at="2024-03-09T11:35:18 IST" name="fillForm1" finished-at="2024-03-09T11:35:19 IST" duration-ms="926" status="PASS">
          <reporter-output>
          </reporter-output>
        </test-method> <!-- fillForm1 -->
        <test-method signature="fillForm2()[pri:5, instance:testCase.TC_003_Enterprise@24c1b2d2]" started-at="2024-03-09T11:35:19 IST" name="fillForm2" finished-at="2024-03-09T11:35:21 IST" duration-ms="1951" status="PASS">
          <reporter-output>
          </reporter-output>
        </test-method> <!-- fillForm2 -->
        <test-method signature="fillForm3()[pri:6, instance:testCase.TC_003_Enterprise@24c1b2d2]" started-at="2024-03-09T11:35:21 IST" name="fillForm3" finished-at="2024-03-09T11:35:22 IST" duration-ms="311" status="PASS">
          <reporter-output>
          </reporter-output>
        </test-method> <!-- fillForm3 -->
      </class> <!-- testCase.TC_003_Enterprise -->
      <class name="testCase.TC_002_LanguageLearning">
        <test-method signature="SearchLL()[pri:1, instance:testCase.TC_002_LanguageLearning@6c284af]" started-at="2024-03-09T11:34:48 IST" name="SearchLL" finished-at="2024-03-09T11:34:58 IST" duration-ms="10546" status="PASS">
          <reporter-output>
          </reporter-output>
        </test-method> <!-- SearchLL -->
        <test-method signature="LanguageDetails()[pri:2, instance:testCase.TC_002_LanguageLearning@6c284af]" started-at="2024-03-09T11:34:58 IST" name="LanguageDetails" finished-at="2024-03-09T11:35:02 IST" duration-ms="3385" status="PASS">
          <reporter-output>
          </reporter-output>
        </test-method> <!-- LanguageDetails -->
      </class> <!-- testCase.TC_002_LanguageLearning -->
      <class name="testCase.TC_001_WebDevelopment">
        <test-method is-config="true" signature="setup(java.lang.String,java.lang.String)[pri:0, instance:testCase.TC_001_WebDevelopment@cecf639]" started-at="2024-03-09T11:34:02 IST" name="setup" finished-at="2024-03-09T11:34:27 IST" duration-ms="24620" status="PASS">
          <params>
            <param index="0">
              <value>
                <![CDATA[windows]]>
              </value>
            </param>
            <param index="1">
              <value>
                <![CDATA[chrome]]>
              </value>
            </param>
          </params>
          <reporter-output>
          </reporter-output>
        </test-method> <!-- setup -->
        <test-method signature="searchWD()[pri:1, instance:testCase.TC_001_WebDevelopment@cecf639]" started-at="2024-03-09T11:34:27 IST" name="searchWD" finished-at="2024-03-09T11:34:34 IST" duration-ms="6879" status="PASS">
          <reporter-output>
          </reporter-output>
        </test-method> <!-- searchWD -->
        <test-method signature="WebDevelopmentFunctions()[pri:2, instance:testCase.TC_001_WebDevelopment@cecf639]" started-at="2024-03-09T11:34:34 IST" name="WebDevelopmentFunctions" finished-at="2024-03-09T11:34:35 IST" duration-ms="543" status="PASS">
          <reporter-output>
          </reporter-output>
        </test-method> <!-- WebDevelopmentFunctions -->
        <test-method signature="WDFirstCousreInfo()[pri:3, instance:testCase.TC_001_WebDevelopment@cecf639]" started-at="2024-03-09T11:34:35 IST" name="WDFirstCousreInfo" finished-at="2024-03-09T11:34:41 IST" duration-ms="6427" status="PASS">
          <reporter-output>
          </reporter-output>
        </test-method> <!-- WDFirstCousreInfo -->
        <test-method signature="WDSecondCousreInfo()[pri:4, instance:testCase.TC_001_WebDevelopment@cecf639]" started-at="2024-03-09T11:34:42 IST" name="WDSecondCousreInfo" finished-at="2024-03-09T11:34:47 IST" duration-ms="5418" status="PASS">
          <reporter-output>
          </reporter-output>
        </test-method> <!-- WDSecondCousreInfo -->
        <test-method is-config="true" signature="teardown()[pri:0, instance:testCase.TC_001_WebDevelopment@cecf639]" started-at="2024-03-09T11:35:22 IST" name="teardown" finished-at="2024-03-09T11:35:23 IST" duration-ms="1224" status="PASS">
          <reporter-output>
          </reporter-output>
        </test-method> <!-- teardown -->
      </class> <!-- testCase.TC_001_WebDevelopment -->
    </test> <!-- Test -->
  </suite> <!-- Suite -->
</testng-results>
